#
# There is insufficient memory for the Java Runtime Environment to continue.
# Native memory allocation (malloc) failed to allocate 2134960 bytes for Chunk::new
# Possible reasons:
#   The system is out of physical RAM or swap space
#   The process is running with CompressedOops enabled, and the Java Heap may be blocking the growth of the native heap
# Possible solutions:
#   Reduce memory load on the system
#   Increase physical memory or swap space
#   Check if swap backing store is full
#   Decrease Java heap size (-Xmx/-Xms)
#   Decrease number of Java threads
#   Decrease Java thread stack sizes (-Xss)
#   Set larger code cache with -XX:ReservedCodeCacheSize=
#   JVM is running with Unscaled Compressed Oops mode in which the Java heap is
#     placed in the first 4GB address space. The Java Heap base address is the
#     maximum limit for the native heap growth. Please use -XX:HeapBaseMinAddress
#     to set the Java Heap base and to place the Java Heap above 4GB virtual address.
# This output file may be truncated or incomplete.
#
#  Out of Memory Error (allocation.cpp:389), pid=44408, tid=0x0000000000003694
#
# JRE version: Java(TM) SE Runtime Environment (8.0_261-b12) (build 1.8.0_261-b12)
# Java VM: Java HotSpot(TM) 64-Bit Server VM (25.261-b12 mixed mode windows-amd64 compressed oops)
# Failed to write core dump. Minidumps are not enabled by default on client versions of Windows
#

---------------  T H R E A D  ---------------

Current thread (0x000001537f034800):  JavaThread "C2 CompilerThread2" daemon [_thread_in_native, id=13972, stack(0x0000001493500000,0x0000001493600000)]

Stack: [0x0000001493500000,0x0000001493600000]
Native frames: (J=compiled Java code, j=interpreted, Vv=VM code, C=native code)
V  [jvm.dll+0x33e5f9]
V  [jvm.dll+0x2850e2]
V  [jvm.dll+0x285d8d]
V  [jvm.dll+0x27c895]
V  [jvm.dll+0xe4d6c]
V  [jvm.dll+0xe556c]
V  [jvm.dll+0x47ed35]
V  [jvm.dll+0x446ab8]
V  [jvm.dll+0x44f8f5]
V  [jvm.dll+0x44ecb5]
V  [jvm.dll+0x439bc7]
V  [jvm.dll+0xbbbcb]
V  [jvm.dll+0xba22b]
V  [jvm.dll+0x24d962]
V  [jvm.dll+0x2a1cfc]
C  [ucrtbase.dll+0x26c0c]
C  [KERNEL32.DLL+0x154e0]
C  [ntdll.dll+0x485b]


Current CompileTask:
C2:  17088 5003   !   4       java.io.ObjectInputStream::readObject0 (671 bytes)


---------------  P R O C E S S  ---------------

Java Threads: ( => current thread )
  0x0000015305509000 JavaThread "resolver-5" daemon [_thread_blocked, id=29220, stack(0x000000149b100000,0x000000149b200000)]
  0x000001530550c000 JavaThread "resolver-4" daemon [_thread_blocked, id=60180, stack(0x000000149b000000,0x000000149b100000)]
  0x000001530550a800 JavaThread "resolver-3" daemon [_thread_blocked, id=7840, stack(0x000000149af00000,0x000000149b000000)]
  0x0000015305506800 JavaThread "resolver-2" daemon [_thread_blocked, id=50672, stack(0x000000149ae00000,0x000000149af00000)]
  0x0000015305506000 JavaThread "resolver-1" daemon [_thread_blocked, id=30660, stack(0x000000149ad00000,0x000000149ae00000)]
  0x0000015305505000 JavaThread "pool-1-thread-114" [_thread_blocked, id=53096, stack(0x000000149ac00000,0x000000149ad00000)]
  0x0000015305500800 JavaThread "pool-1-thread-113" [_thread_blocked, id=33208, stack(0x000000149ab00000,0x000000149ac00000)]
  0x00000153054fd800 JavaThread "pool-1-thread-112" [_thread_blocked, id=7712, stack(0x000000149aa00000,0x000000149ab00000)]
  0x0000015305501000 JavaThread "pool-1-thread-111" [_thread_blocked, id=55000, stack(0x000000149a900000,0x000000149aa00000)]
  0x0000015305504800 JavaThread "pool-1-thread-110" [_thread_blocked, id=39584, stack(0x000000149a800000,0x000000149a900000)]
  0x00000153054ff800 JavaThread "pool-1-thread-109" [_thread_blocked, id=59860, stack(0x000000149a700000,0x000000149a800000)]
  0x00000153054fc800 JavaThread "pool-1-thread-108" [_thread_blocked, id=39120, stack(0x000000149a600000,0x000000149a700000)]
  0x0000015305503800 JavaThread "pool-1-thread-107" [_thread_blocked, id=1760, stack(0x000000149a500000,0x000000149a600000)]
  0x0000015305502800 JavaThread "pool-1-thread-106" [_thread_blocked, id=10380, stack(0x000000149a400000,0x000000149a500000)]
  0x00000153054ff000 JavaThread "pool-1-thread-105" [_thread_blocked, id=54304, stack(0x000000149a300000,0x000000149a400000)]
  0x0000015305502000 JavaThread "pool-1-thread-104" [_thread_blocked, id=62468, stack(0x000000149a200000,0x000000149a300000)]
  0x00000153057d2000 JavaThread "pool-1-thread-103" [_thread_blocked, id=35712, stack(0x000000149a100000,0x000000149a200000)]
  0x00000153057cf000 JavaThread "pool-1-thread-102" [_thread_blocked, id=34480, stack(0x000000149a000000,0x000000149a100000)]
  0x00000153057cd800 JavaThread "pool-1-thread-101" [_thread_blocked, id=18764, stack(0x0000001499f00000,0x000000149a000000)]
  0x00000153057d1800 JavaThread "pool-1-thread-100" [_thread_blocked, id=34720, stack(0x0000001499e00000,0x0000001499f00000)]
  0x00000153057d0000 JavaThread "pool-1-thread-99" [_thread_blocked, id=25484, stack(0x0000001499d00000,0x0000001499e00000)]
  0x00000153057d0800 JavaThread "pool-1-thread-98" [_thread_blocked, id=2532, stack(0x0000001499c00000,0x0000001499d00000)]
  0x00000153057d3000 JavaThread "pool-1-thread-97" [_thread_blocked, id=63304, stack(0x0000001499b00000,0x0000001499c00000)]
  0x00000153057cd000 JavaThread "pool-1-thread-96" [_thread_blocked, id=13112, stack(0x0000001499a00000,0x0000001499b00000)]
  0x00000153057ce800 JavaThread "pool-1-thread-95" [_thread_blocked, id=48108, stack(0x0000001499900000,0x0000001499a00000)]
  0x00000153057c5800 JavaThread "pool-1-thread-94" [_thread_blocked, id=58616, stack(0x0000001499800000,0x0000001499900000)]
  0x00000153057cb800 JavaThread "pool-1-thread-93" [_thread_blocked, id=21112, stack(0x0000001499700000,0x0000001499800000)]
  0x00000153057cc000 JavaThread "pool-1-thread-92" [_thread_blocked, id=33884, stack(0x0000001499600000,0x0000001499700000)]
  0x00000153057ca000 JavaThread "pool-1-thread-91" [_thread_blocked, id=7276, stack(0x0000001499500000,0x0000001499600000)]
  0x00000153057c9000 JavaThread "pool-1-thread-90" [_thread_blocked, id=33808, stack(0x0000001499400000,0x0000001499500000)]
  0x00000153057c4800 JavaThread "pool-1-thread-89" [_thread_blocked, id=34736, stack(0x0000001499300000,0x0000001499400000)]
  0x00000153057c6000 JavaThread "pool-1-thread-88" [_thread_blocked, id=61304, stack(0x0000001499200000,0x0000001499300000)]
  0x00000153057c8800 JavaThread "pool-1-thread-87" [_thread_blocked, id=12816, stack(0x0000001499100000,0x0000001499200000)]
  0x00000153057c4000 JavaThread "pool-1-thread-86" [_thread_blocked, id=60600, stack(0x0000001499000000,0x0000001499100000)]
  0x00000153057c7000 JavaThread "pool-1-thread-85" [_thread_blocked, id=15452, stack(0x0000001498f00000,0x0000001499000000)]
  0x00000153057c7800 JavaThread "pool-1-thread-84" [_thread_blocked, id=35432, stack(0x0000001498e00000,0x0000001498f00000)]
  0x00000153057ca800 JavaThread "pool-1-thread-83" [_thread_blocked, id=55856, stack(0x0000001498d00000,0x0000001498e00000)]
  0x00000153058c5000 JavaThread "pool-1-thread-82" [_thread_blocked, id=49948, stack(0x0000001498c00000,0x0000001498d00000)]
  0x00000153058c7000 JavaThread "pool-1-thread-81" [_thread_blocked, id=44612, stack(0x0000001498b00000,0x0000001498c00000)]
  0x00000153058c4000 JavaThread "pool-1-thread-80" [_thread_blocked, id=62724, stack(0x0000001498a00000,0x0000001498b00000)]
  0x00000153058c3800 JavaThread "pool-1-thread-79" [_thread_blocked, id=57832, stack(0x0000001498900000,0x0000001498a00000)]
  0x00000153058bf800 JavaThread "pool-1-thread-78" [_thread_blocked, id=60912, stack(0x0000001498800000,0x0000001498900000)]
  0x00000153058c2800 JavaThread "pool-1-thread-77" [_thread_blocked, id=45508, stack(0x0000001498700000,0x0000001498800000)]
  0x00000153058c2000 JavaThread "pool-1-thread-76" [_thread_blocked, id=9300, stack(0x0000001498600000,0x0000001498700000)]
  0x00000153058c0800 JavaThread "pool-1-thread-75" [_thread_blocked, id=30780, stack(0x0000001498500000,0x0000001498600000)]
  0x00000153058c1000 JavaThread "pool-1-thread-74" [_thread_blocked, id=6236, stack(0x0000001498400000,0x0000001498500000)]
  0x00000153058c6800 JavaThread "pool-1-thread-73" [_thread_blocked, id=10376, stack(0x0000001498300000,0x0000001498400000)]
  0x00000153058c5800 JavaThread "pool-1-thread-72" [_thread_blocked, id=49172, stack(0x0000001498200000,0x0000001498300000)]
  0x00000153058bc000 JavaThread "pool-1-thread-71" [_thread_blocked, id=38292, stack(0x0000001498100000,0x0000001498200000)]
  0x00000153058b8000 JavaThread "pool-1-thread-70" [_thread_blocked, id=5352, stack(0x0000001498000000,0x0000001498100000)]
  0x00000153058b9000 JavaThread "pool-1-thread-69" [_thread_blocked, id=21624, stack(0x0000001497f00000,0x0000001498000000)]
  0x00000153058bc800 JavaThread "pool-1-thread-68" [_thread_blocked, id=36468, stack(0x0000001497e00000,0x0000001497f00000)]
  0x00000153058bb000 JavaThread "pool-1-thread-67" [_thread_blocked, id=1948, stack(0x0000001497d00000,0x0000001497e00000)]
  0x00000153058ba800 JavaThread "pool-1-thread-66" [_thread_blocked, id=4156, stack(0x0000001497c00000,0x0000001497d00000)]
  0x00000153058bf000 JavaThread "pool-1-thread-65" [_thread_blocked, id=8596, stack(0x0000001497b00000,0x0000001497c00000)]
  0x00000153058bd800 JavaThread "pool-1-thread-64" [_thread_blocked, id=57384, stack(0x0000001497a00000,0x0000001497b00000)]
  0x00000153058be000 JavaThread "pool-1-thread-63" [_thread_blocked, id=18616, stack(0x0000001497900000,0x0000001497a00000)]
  0x00000153058b9800 JavaThread "pool-1-thread-62" [_thread_blocked, id=43916, stack(0x0000001497800000,0x0000001497900000)]
  0x000001530549b000 JavaThread "pool-1-thread-61" [_thread_blocked, id=40956, stack(0x0000001497700000,0x0000001497800000)]
  0x000001530549a000 JavaThread "pool-1-thread-60" [_thread_blocked, id=52980, stack(0x0000001497600000,0x0000001497700000)]
  0x0000015305498000 JavaThread "pool-1-thread-59" [_thread_blocked, id=23100, stack(0x0000001497500000,0x0000001497600000)]
  0x0000015305497000 JavaThread "pool-1-thread-58" [_thread_blocked, id=37860, stack(0x0000001497400000,0x0000001497500000)]
  0x0000015305499800 JavaThread "pool-1-thread-57" [_thread_blocked, id=54300, stack(0x0000001497300000,0x0000001497400000)]
  0x0000015305495000 JavaThread "pool-1-thread-56" [_thread_blocked, id=23472, stack(0x0000001497200000,0x0000001497300000)]
  0x0000015305496800 JavaThread "pool-1-thread-55" [_thread_blocked, id=51240, stack(0x0000001497100000,0x0000001497200000)]
  0x0000015305498800 JavaThread "pool-1-thread-54" [_thread_blocked, id=23456, stack(0x0000001497000000,0x0000001497100000)]
  0x0000015305495800 JavaThread "pool-1-thread-53" [_thread_blocked, id=48804, stack(0x0000001496f00000,0x0000001497000000)]
  0x000001530548d800 JavaThread "pool-1-thread-48" [_thread_blocked, id=40464, stack(0x0000001496e00000,0x0000001496f00000)]
  0x0000015305494000 JavaThread "pool-1-thread-52" [_thread_blocked, id=16072, stack(0x0000001496d00000,0x0000001496e00000)]
  0x0000015305493800 JavaThread "pool-1-thread-51" [_thread_blocked, id=26304, stack(0x0000001496c00000,0x0000001496d00000)]
  0x000001530548e000 JavaThread "pool-1-thread-50" [_thread_blocked, id=42000, stack(0x0000001496b00000,0x0000001496c00000)]
  0x0000015305492000 JavaThread "pool-1-thread-49" [_thread_blocked, id=720, stack(0x0000001496a00000,0x0000001496b00000)]
  0x000001530548c800 JavaThread "pool-1-thread-47" [_thread_blocked, id=43876, stack(0x0000001496900000,0x0000001496a00000)]
  0x000001530548f800 JavaThread "pool-1-thread-38" [_thread_blocked, id=46928, stack(0x0000001496800000,0x0000001496900000)]
  0x000001530548b800 JavaThread "pool-1-thread-46" [_thread_blocked, id=37564, stack(0x0000001496700000,0x0000001496800000)]
  0x0000015305492800 JavaThread "pool-1-thread-45" [_thread_blocked, id=33916, stack(0x0000001496600000,0x0000001496700000)]
  0x0000015305491000 JavaThread "pool-1-thread-44" [_thread_blocked, id=23020, stack(0x0000001496500000,0x0000001496600000)]
  0x0000015305490800 JavaThread "pool-1-thread-43" [_thread_blocked, id=6072, stack(0x0000001496400000,0x0000001496500000)]
  0x000001530548f000 JavaThread "pool-1-thread-42" [_thread_blocked, id=32016, stack(0x0000001496300000,0x0000001496400000)]
  0x0000015305385000 JavaThread "pool-1-thread-41" [_thread_blocked, id=27412, stack(0x0000001496200000,0x0000001496300000)]
  0x0000015305383800 JavaThread "pool-1-thread-40" [_thread_blocked, id=13408, stack(0x0000001496100000,0x0000001496200000)]
  0x0000015305381800 JavaThread "pool-1-thread-39" [_thread_blocked, id=24440, stack(0x0000001496000000,0x0000001496100000)]
  0x0000015305383000 JavaThread "pool-1-thread-37" [_thread_blocked, id=51096, stack(0x0000001495f00000,0x0000001496000000)]
  0x0000015305380000 JavaThread "pool-1-thread-36" [_thread_blocked, id=50000, stack(0x0000001495e00000,0x0000001495f00000)]
  0x0000015305382000 JavaThread "pool-1-thread-35" [_thread_blocked, id=5748, stack(0x0000001495d00000,0x0000001495e00000)]
  0x0000015305384800 JavaThread "pool-1-thread-34" [_thread_blocked, id=9160, stack(0x0000001495c00000,0x0000001495d00000)]
  0x0000015305380800 JavaThread "pool-1-thread-33" [_thread_blocked, id=3316, stack(0x0000001495b00000,0x0000001495c00000)]
  0x0000015305378800 JavaThread "pool-1-thread-32" [_thread_blocked, id=56648, stack(0x0000001495a00000,0x0000001495b00000)]
  0x000001530537c000 JavaThread "pool-1-thread-31" [_thread_blocked, id=42072, stack(0x0000001495900000,0x0000001495a00000)]
  0x000001530537f000 JavaThread "pool-1-thread-30" [_thread_blocked, id=63040, stack(0x0000001495800000,0x0000001495900000)]
  0x000001530537a800 JavaThread "pool-1-thread-29" [_thread_blocked, id=47128, stack(0x0000001495700000,0x0000001495800000)]
  0x000001530537a000 JavaThread "pool-1-thread-28" [_thread_blocked, id=25476, stack(0x0000001495600000,0x0000001495700000)]
  0x0000015305377800 JavaThread "pool-1-thread-27" [_thread_blocked, id=47964, stack(0x0000001495500000,0x0000001495600000)]
  0x000001530537d000 JavaThread "pool-1-thread-26" [_thread_blocked, id=55724, stack(0x0000001495400000,0x0000001495500000)]
  0x000001530537e800 JavaThread "pool-1-thread-25" [_thread_blocked, id=29700, stack(0x0000001495300000,0x0000001495400000)]
  0x0000015305377000 JavaThread "pool-1-thread-24" [_thread_blocked, id=44372, stack(0x0000001495200000,0x0000001495300000)]
  0x000001530537d800 JavaThread "pool-1-thread-23" [_thread_blocked, id=2280, stack(0x0000001495100000,0x0000001495200000)]
  0x000001530537b800 JavaThread "pool-1-thread-22" [_thread_blocked, id=55284, stack(0x0000001495000000,0x0000001495100000)]
  0x0000015305379000 JavaThread "pool-1-thread-21" [_thread_blocked, id=58460, stack(0x0000001494f00000,0x0000001495000000)]
  0x0000015305376000 JavaThread "pool-1-thread-20" [_thread_blocked, id=59704, stack(0x0000001494e00000,0x0000001494f00000)]
  0x00000153055a7800 JavaThread "pool-1-thread-19" [_thread_blocked, id=43084, stack(0x0000001494d00000,0x0000001494e00000)]
  0x00000153055a6800 JavaThread "pool-1-thread-18" [_thread_blocked, id=9020, stack(0x0000001494c00000,0x0000001494d00000)]
  0x00000153055a9800 JavaThread "pool-1-thread-17" [_thread_blocked, id=41620, stack(0x0000001494b00000,0x0000001494c00000)]
  0x00000153055a6000 JavaThread "pool-1-thread-16" [_thread_blocked, id=41524, stack(0x0000001494a00000,0x0000001494b00000)]
  0x00000153055a8000 JavaThread "pool-1-thread-15" [_thread_blocked, id=27844, stack(0x0000001494900000,0x0000001494a00000)]
  0x00000153055a4800 JavaThread "pool-1-thread-14" [_thread_blocked, id=45912, stack(0x0000001494800000,0x0000001494900000)]
  0x00000153055aa800 JavaThread "pool-1-thread-13" [_thread_blocked, id=57544, stack(0x0000001494700000,0x0000001494800000)]
  0x00000153055a5000 JavaThread "pool-1-thread-12" [_thread_blocked, id=36524, stack(0x0000001494600000,0x0000001494700000)]
  0x00000153055ab000 JavaThread "pool-1-thread-11" [_thread_blocked, id=31148, stack(0x0000001494500000,0x0000001494600000)]
  0x00000153055a9000 JavaThread "pool-1-thread-10" [_thread_blocked, id=10428, stack(0x0000001494400000,0x0000001494500000)]
  0x00000153048bf000 JavaThread "pool-1-thread-9" [_thread_blocked, id=9332, stack(0x0000001494300000,0x0000001494400000)]
  0x00000153048bc800 JavaThread "pool-1-thread-8" [_thread_blocked, id=47188, stack(0x0000001494200000,0x0000001494300000)]
  0x00000153048ba800 JavaThread "pool-1-thread-7" [_thread_blocked, id=58180, stack(0x0000001494100000,0x0000001494200000)]
  0x00000153048f8000 JavaThread "pool-1-thread-6" [_thread_blocked, id=28884, stack(0x0000001494000000,0x0000001494100000)]
  0x0000015304ade800 JavaThread "pool-1-thread-5" [_thread_blocked, id=42764, stack(0x0000001493f00000,0x0000001494000000)]
  0x0000015306527000 JavaThread "pool-1-thread-4" [_thread_blocked, id=8024, stack(0x0000001493e00000,0x0000001493f00000)]
  0x0000015304f95000 JavaThread "pool-1-thread-3" [_thread_blocked, id=42872, stack(0x0000001493d00000,0x0000001493e00000)]
  0x0000015305cd2800 JavaThread "pool-1-thread-2 for channel id=2" [_thread_in_Java, id=35000, stack(0x0000001493c00000,0x0000001493d00000)]
  0x0000015304d5e000 JavaThread "pool-1-thread-1" [_thread_blocked, id=26108, stack(0x0000001493b00000,0x0000001493c00000)]
  0x0000015304d5d000 JavaThread "Channel reader thread: channel" [_thread_in_native, id=46148, stack(0x0000001493a00000,0x0000001493b00000)]
  0x0000015304d58800 JavaThread "RemoteInvocationHandler [#1]" daemon [_thread_blocked, id=23656, stack(0x0000001493900000,0x0000001493a00000)]
  0x000001537f0ad800 JavaThread "Service Thread" daemon [_thread_blocked, id=53796, stack(0x0000001493700000,0x0000001493800000)]
  0x000001537f037000 JavaThread "C1 CompilerThread3" daemon [_thread_blocked, id=8632, stack(0x0000001493600000,0x0000001493700000)]
=>0x000001537f034800 JavaThread "C2 CompilerThread2" daemon [_thread_in_native, id=13972, stack(0x0000001493500000,0x0000001493600000)]
  0x000001537f02f000 JavaThread "C2 CompilerThread1" daemon [_thread_in_native, id=38064, stack(0x0000001493400000,0x0000001493500000)]
  0x000001537f023800 JavaThread "C2 CompilerThread0" daemon [_thread_in_native, id=28960, stack(0x0000001493300000,0x0000001493400000)]
  0x000001537f022000 JavaThread "Attach Listener" daemon [_thread_blocked, id=53156, stack(0x0000001493200000,0x0000001493300000)]
  0x000001537f021000 JavaThread "Signal Dispatcher" daemon [_thread_blocked, id=51116, stack(0x0000001493100000,0x0000001493200000)]
  0x000001537f000800 JavaThread "Finalizer" daemon [_thread_blocked, id=51764, stack(0x0000001493000000,0x0000001493100000)]
  0x000001537effa000 JavaThread "Reference Handler" daemon [_thread_blocked, id=45920, stack(0x0000001492f00000,0x0000001493000000)]
  0x000001536c2a4800 JavaThread "main" [_thread_blocked, id=49944, stack(0x0000001492500000,0x0000001492600000)]

Other Threads:
  0x000001537e40e800 VMThread [stack: 0x0000001492e00000,0x0000001492f00000] [id=35392]
  0x000001537f0ae800 WatcherThread [stack: 0x0000001493800000,0x0000001493900000] [id=20404]

VM state:not at safepoint (normal execution)

VM Mutex/Monitor currently owned by a thread: None

heap address: 0x0000000082a00000, size: 2006 MB, Compressed Oops mode: 32-bit
Narrow klass base: 0x0000000000000000, Narrow klass shift: 3
Compressed class space size: 1073741824 Address: 0x0000000100000000

Heap:
 PSYoungGen      total 80896K, used 10088K [0x00000000d6380000, 0x00000000dc700000, 0x0000000100000000)
  eden space 65024K, 10% used [0x00000000d6380000,0x00000000d6a1d9f8,0x00000000da300000)
  from space 15872K, 20% used [0x00000000da300000,0x00000000da63c8c0,0x00000000db280000)
  to   space 12288K, 0% used [0x00000000db280000,0x00000000db280000,0x00000000dbe80000)
 ParOldGen       total 70144K, used 32606K [0x0000000082a00000, 0x0000000086e80000, 0x00000000d6380000)
  object space 70144K, 46% used [0x0000000082a00000,0x00000000849d7b90,0x0000000086e80000)
 Metaspace       used 31491K, capacity 32660K, committed 33024K, reserved 1079296K
  class space    used 3643K, capacity 3986K, committed 4096K, reserved 1048576K

Card table byte_map: [0x000001537d090000,0x000001537d480000] byte_map_base: 0x000001537cc7b000

Marking Bits: (ParMarkBitMap*) 0x0000000065aa4fb0
 Begin Bits: [0x0000015300000000, 0x0000015301f58000)
 End Bits:   [0x0000015301f58000, 0x0000015303eb0000)

Polling page: 0x000001536c3e0000

CodeCache: size=245760Kb used=15713Kb max_used=15713Kb free=230046Kb
 bounds [0x000001536dcd0000, 0x000001536ec40000, 0x000001537ccd0000]
 total_blobs=4990 nmethods=4521 adapters=381
 compilation: enabled

Compilation events (10 events):
Event: 17.012 Thread 0x000001537f037000 5140       3       org.eclipse.aether.util.graph.transformer.ConflictResolver$ConflictItem::getScopes (29 bytes)
Event: 17.012 Thread 0x000001537f037000 nmethod 5140 0x000001536ec36750 code [0x000001536ec36900, 0x000001536ec36fd8]
Event: 17.012 Thread 0x000001537f037000 5135       3       org.apache.maven.model.merge.MavenModelMerger::mergeDistributionManagement_Site (92 bytes)
Event: 17.013 Thread 0x000001537f037000 nmethod 5135 0x000001536ec37210 code [0x000001536ec37400, 0x000001536ec37e90]
Event: 17.013 Thread 0x000001537f037000 5136       3       org.apache.maven.plugin.internal.WagonExcluder::deriveChildSelector (34 bytes)
Event: 17.013 Thread 0x000001537f037000 nmethod 5136 0x000001536ec38310 code [0x000001536ec384a0, 0x000001536ec388d0]
Event: 17.014 Thread 0x000001537f037000 5138       3       org.eclipse.aether.util.graph.transformer.ConflictMarker::merge (75 bytes)
Event: 17.014 Thread 0x000001537f037000 nmethod 5138 0x000001536ec38a90 code [0x000001536ec38ca0, 0x000001536ec39700]
Event: 17.041 Thread 0x000001537f037000 5141       1       org.eclipse.aether.util.graph.visitor.PreorderNodeListGenerator::visitLeave (2 bytes)
Event: 17.041 Thread 0x000001537f037000 nmethod 5141 0x000001536e5e1850 code [0x000001536e5e19a0, 0x000001536e5e1ab8]

GC Heap History (10 events):
Event: 12.160 GC heap before
{Heap before GC invocations=8 (full 1):
 PSYoungGen      total 43008K, used 34554K [0x00000000d6380000, 0x00000000dac80000, 0x0000000100000000)
  eden space 31744K, 100% used [0x00000000d6380000,0x00000000d8280000,0x00000000d8280000)
  from space 11264K, 24% used [0x00000000d8e00000,0x00000000d90be938,0x00000000d9900000)
  to   space 11776K, 0% used [0x00000000d8280000,0x00000000d8280000,0x00000000d8e00000)
 ParOldGen       total 70144K, used 13441K [0x0000000082a00000, 0x0000000086e80000, 0x00000000d6380000)
  object space 70144K, 19% used [0x0000000082a00000,0x0000000083720708,0x0000000086e80000)
 Metaspace       used 21729K, capacity 22462K, committed 22704K, reserved 1069056K
  class space    used 2556K, capacity 2775K, committed 2816K, reserved 1048576K
Event: 12.164 GC heap after
Heap after GC invocations=8 (full 1):
 PSYoungGen      total 43520K, used 3968K [0x00000000d6380000, 0x00000000dab00000, 0x0000000100000000)
  eden space 31744K, 0% used [0x00000000d6380000,0x00000000d6380000,0x00000000d8280000)
  from space 11776K, 33% used [0x00000000d8280000,0x00000000d8660000,0x00000000d8e00000)
  to   space 11776K, 0% used [0x00000000d9f80000,0x00000000d9f80000,0x00000000dab00000)
 ParOldGen       total 70144K, used 13449K [0x0000000082a00000, 0x0000000086e80000, 0x00000000d6380000)
  object space 70144K, 19% used [0x0000000082a00000,0x0000000083722708,0x0000000086e80000)
 Metaspace       used 21729K, capacity 22462K, committed 22704K, reserved 1069056K
  class space    used 2556K, capacity 2775K, committed 2816K, reserved 1048576K
}
Event: 12.999 GC heap before
{Heap before GC invocations=9 (full 1):
 PSYoungGen      total 43520K, used 35712K [0x00000000d6380000, 0x00000000dab00000, 0x0000000100000000)
  eden space 31744K, 100% used [0x00000000d6380000,0x00000000d8280000,0x00000000d8280000)
  from space 11776K, 33% used [0x00000000d8280000,0x00000000d8660000,0x00000000d8e00000)
  to   space 11776K, 0% used [0x00000000d9f80000,0x00000000d9f80000,0x00000000dab00000)
 ParOldGen       total 70144K, used 13449K [0x0000000082a00000, 0x0000000086e80000, 0x00000000d6380000)
  object space 70144K, 19% used [0x0000000082a00000,0x0000000083722708,0x0000000086e80000)
 Metaspace       used 22828K, capacity 23672K, committed 24064K, reserved 1071104K
  class space    used 2669K, capacity 2958K, committed 3072K, reserved 1048576K
Event: 13.006 GC heap after
Heap after GC invocations=9 (full 1):
 PSYoungGen      total 61440K, used 6095K [0x00000000d6380000, 0x00000000daa80000, 0x0000000100000000)
  eden space 50176K, 0% used [0x00000000d6380000,0x00000000d6380000,0x00000000d9480000)
  from space 11264K, 54% used [0x00000000d9f80000,0x00000000da573e10,0x00000000daa80000)
  to   space 11264K, 0% used [0x00000000d9480000,0x00000000d9480000,0x00000000d9f80000)
 ParOldGen       total 70144K, used 13457K [0x0000000082a00000, 0x0000000086e80000, 0x00000000d6380000)
  object space 70144K, 19% used [0x0000000082a00000,0x0000000083724708,0x0000000086e80000)
 Metaspace       used 22828K, capacity 23672K, committed 24064K, reserved 1071104K
  class space    used 2669K, capacity 2958K, committed 3072K, reserved 1048576K
}
Event: 13.970 GC heap before
{Heap before GC invocations=10 (full 1):
 PSYoungGen      total 61440K, used 54802K [0x00000000d6380000, 0x00000000daa80000, 0x0000000100000000)
  eden space 50176K, 97% used [0x00000000d6380000,0x00000000d9310b70,0x00000000d9480000)
  from space 11264K, 54% used [0x00000000d9f80000,0x00000000da573e10,0x00000000daa80000)
  to   space 11264K, 0% used [0x00000000d9480000,0x00000000d9480000,0x00000000d9f80000)
 ParOldGen       total 70144K, used 13457K [0x0000000082a00000, 0x0000000086e80000, 0x00000000d6380000)
  object space 70144K, 19% used [0x0000000082a00000,0x0000000083724708,0x0000000086e80000)
 Metaspace       used 27248K, capacity 28222K, committed 28416K, reserved 1075200K
  class space    used 3219K, capacity 3519K, committed 3584K, reserved 1048576K
Event: 13.982 GC heap after
Heap after GC invocations=10 (full 1):
 PSYoungGen      total 61440K, used 9735K [0x00000000d6380000, 0x00000000dbe80000, 0x0000000100000000)
  eden space 50176K, 0% used [0x00000000d6380000,0x00000000d6380000,0x00000000d9480000)
  from space 11264K, 86% used [0x00000000d9480000,0x00000000d9e01f98,0x00000000d9f80000)
  to   space 12288K, 0% used [0x00000000db280000,0x00000000db280000,0x00000000dbe80000)
 ParOldGen       total 70144K, used 15465K [0x0000000082a00000, 0x0000000086e80000, 0x00000000d6380000)
  object space 70144K, 22% used [0x0000000082a00000,0x000000008391a708,0x0000000086e80000)
 Metaspace       used 27248K, capacity 28222K, committed 28416K, reserved 1075200K
  class space    used 3219K, capacity 3519K, committed 3584K, reserved 1048576K
}
Event: 15.042 GC heap before
{Heap before GC invocations=11 (full 1):
 PSYoungGen      total 61440K, used 59911K [0x00000000d6380000, 0x00000000dbe80000, 0x0000000100000000)
  eden space 50176K, 100% used [0x00000000d6380000,0x00000000d9480000,0x00000000d9480000)
  from space 11264K, 86% used [0x00000000d9480000,0x00000000d9e01f98,0x00000000d9f80000)
  to   space 12288K, 0% used [0x00000000db280000,0x00000000db280000,0x00000000dbe80000)
 ParOldGen       total 70144K, used 15465K [0x0000000082a00000, 0x0000000086e80000, 0x00000000d6380000)
  object space 70144K, 22% used [0x0000000082a00000,0x000000008391a708,0x0000000086e80000)
 Metaspace       used 28335K, capacity 29322K, committed 29568K, reserved 1075200K
  class space    used 3329K, capacity 3649K, committed 3712K, reserved 1048576K
Event: 15.060 GC heap after
Heap after GC invocations=11 (full 1):
 PSYoungGen      total 77312K, used 12277K [0x00000000d6380000, 0x00000000dc700000, 0x0000000100000000)
  eden space 65024K, 0% used [0x00000000d6380000,0x00000000d6380000,0x00000000da300000)
  from space 12288K, 99% used [0x00000000db280000,0x00000000dbe7d750,0x00000000dbe80000)
  to   space 15872K, 0% used [0x00000000da300000,0x00000000da300000,0x00000000db280000)
 ParOldGen       total 70144K, used 21281K [0x0000000082a00000, 0x0000000086e80000, 0x00000000d6380000)
  object space 70144K, 30% used [0x0000000082a00000,0x0000000083ec84f0,0x0000000086e80000)
 Metaspace       used 28335K, capacity 29322K, committed 29568K, reserved 1075200K
  class space    used 3329K, capacity 3649K, committed 3712K, reserved 1048576K
}
Event: 16.928 GC heap before
{Heap before GC invocations=12 (full 1):
 PSYoungGen      total 77312K, used 77301K [0x00000000d6380000, 0x00000000dc700000, 0x0000000100000000)
  eden space 65024K, 100% used [0x00000000d6380000,0x00000000da300000,0x00000000da300000)
  from space 12288K, 99% used [0x00000000db280000,0x00000000dbe7d750,0x00000000dbe80000)
  to   space 15872K, 0% used [0x00000000da300000,0x00000000da300000,0x00000000db280000)
 ParOldGen       total 70144K, used 21281K [0x0000000082a00000, 0x0000000086e80000, 0x00000000d6380000)
  object space 70144K, 30% used [0x0000000082a00000,0x0000000083ec84f0,0x0000000086e80000)
 Metaspace       used 31424K, capacity 32566K, committed 33024K, reserved 1079296K
  class space    used 3635K, capacity 3977K, committed 4096K, reserved 1048576K
Event: 16.965 GC heap after
Heap after GC invocations=12 (full 1):
 PSYoungGen      total 80896K, used 3314K [0x00000000d6380000, 0x00000000dc700000, 0x0000000100000000)
  eden space 65024K, 0% used [0x00000000d6380000,0x00000000d6380000,0x00000000da300000)
  from space 15872K, 20% used [0x00000000da300000,0x00000000da63c8c0,0x00000000db280000)
  to   space 12288K, 0% used [0x00000000db280000,0x00000000db280000,0x00000000dbe80000)
 ParOldGen       total 70144K, used 32606K [0x0000000082a00000, 0x0000000086e80000, 0x00000000d6380000)
  object space 70144K, 46% used [0x0000000082a00000,0x00000000849d7b90,0x0000000086e80000)
 Metaspace       used 31424K, capacity 32566K, committed 33024K, reserved 1079296K
  class space    used 3635K, capacity 3977K, committed 4096K, reserved 1048576K
}

Deoptimization events (10 events):
Event: 16.140 Thread 0x0000015305cd2800 Uncommon trap: reason=class_check action=maybe_recompile pc=0x000001536e62da8c method=java.util.Collections$UnmodifiableMap$UnmodifiableEntrySet$1.hasNext()Z @ 4
Event: 16.140 Thread 0x0000015305cd2800 Uncommon trap: reason=class_check action=maybe_recompile pc=0x000001536e62afa0 method=java.util.Collections$UnmodifiableMap$UnmodifiableEntrySet$1.next()Ljava/util/Map$Entry; @ 8
Event: 16.140 Thread 0x0000015305cd2800 Uncommon trap: reason=class_check action=maybe_recompile pc=0x000001536e638d40 method=java.util.Collections$UnmodifiableMap$UnmodifiableEntrySet$UnmodifiableEntry.getKey()Ljava/lang/Object; @ 4
Event: 16.140 Thread 0x0000015305cd2800 Uncommon trap: reason=class_check action=maybe_recompile pc=0x000001536e63f800 method=java.util.Collections$UnmodifiableMap$UnmodifiableEntrySet$UnmodifiableEntry.getValue()Ljava/lang/Object; @ 4
Event: 16.326 Thread 0x0000015305cd2800 Uncommon trap: reason=unstable_if action=reinterpret pc=0x000001536e823378 method=java.util.Properties$LineReader.readLine()I @ 246
Event: 16.326 Thread 0x0000015305cd2800 Uncommon trap: reason=unstable_if action=reinterpret pc=0x000001536e817f60 method=java.util.Properties$LineReader.readLine()I @ 246
Event: 16.627 Thread 0x0000015305cd2800 Uncommon trap: reason=class_check action=maybe_recompile pc=0x000001536e572004 method=java.util.Hashtable.put(Ljava/lang/Object;Ljava/lang/Object;)Ljava/lang/Object; @ 60
Event: 16.627 Thread 0x0000015305cd2800 Uncommon trap: reason=class_check action=maybe_recompile pc=0x000001536e572004 method=java.util.Hashtable.put(Ljava/lang/Object;Ljava/lang/Object;)Ljava/lang/Object; @ 60
Event: 16.844 Thread 0x0000015305cd2800 Uncommon trap: reason=bimorphic action=maybe_recompile pc=0x000001536debc288 method=java.lang.StringCoding$StringDecoder.charsetName()Ljava/lang/String; @ 17
Event: 17.001 Thread 0x0000015305cd2800 Uncommon trap: reason=unstable_if action=reinterpret pc=0x000001536eb21134 method=org.codehaus.plexus.util.xml.pull.MXParser.parseAttribute()C @ 1002

Classes redefined (0 events):
No events

Internal exceptions (10 events):
Event: 14.011 Thread 0x0000015305cd2800 Exception <a 'java/io/FileNotFoundException'> (0x00000000d67b5f30) thrown at [C:\jenkins\workspace\8-2-build-windows-amd64-cygwin\jdk8u261\295\hotspot\src\share\vm\prims\jni.cpp, line 710]
Event: 14.016 Thread 0x0000015305cd2800 Exception <a 'java/io/FileNotFoundException'> (0x00000000d680f790) thrown at [C:\jenkins\workspace\8-2-build-windows-amd64-cygwin\jdk8u261\295\hotspot\src\share\vm\prims\jni.cpp, line 710]
Event: 14.757 Thread 0x0000015305cd2800 Exception <a 'java/io/FileNotFoundException'> (0x00000000d8e9b018) thrown at [C:\jenkins\workspace\8-2-build-windows-amd64-cygwin\jdk8u261\295\hotspot\src\share\vm\prims\jni.cpp, line 710]
Event: 14.758 Thread 0x0000015305cd2800 Exception <a 'java/io/FileNotFoundException'> (0x00000000d8e9cb18) thrown at [C:\jenkins\workspace\8-2-build-windows-amd64-cygwin\jdk8u261\295\hotspot\src\share\vm\prims\jni.cpp, line 710]
Event: 15.366 Thread 0x0000015305cd2800 Exception <a 'java/lang/NoSuchMethodError': org.apache.maven.execution.MavenExecutionRequest.getFailureBehavior()Ljava/lang/String;> (0x00000000d74e0838) thrown at [C:\jenkins\workspace\8-2-build-windows-amd64-cygwin\jdk8u261\295\hotspot\src\share\vm\inte
Event: 15.401 Thread 0x0000015305cd2800 Implicit null exception at 0x000001536e66c9e0 to 0x000001536e66ca55
Event: 15.402 Thread 0x0000015305cd2800 Implicit null exception at 0x000001536e6436f0 to 0x000001536e643745
Event: 15.788 Thread 0x0000015305cd2800 Implicit null exception at 0x000001536eaaecf7 to 0x000001536eaaef41
Event: 16.273 Thread 0x0000015305cd2800 Exception <a 'sun/nio/fs/WindowsException'> (0x00000000d95d13d8) thrown at [C:\jenkins\workspace\8-2-build-windows-amd64-cygwin\jdk8u261\295\hotspot\src\share\vm\prims\jni.cpp, line 710]
Event: 16.274 Thread 0x0000015305cd2800 Exception <a 'java/lang/reflect/InvocationTargetException'> (0x00000000d95d1c48) thrown at [C:\jenkins\workspace\8-2-build-windows-amd64-cygwin\jdk8u261\295\hotspot\src\share\vm\runtime\reflection.cpp, line 1092]

Events (10 events):
Event: 17.052 loading class org/apache/maven/plugins/jar/AbstractJarMojo
Event: 17.052 loading class org/apache/maven/plugins/jar/AbstractJarMojo done
Event: 17.052 loading class org/apache/maven/plugin/Mojo
Event: 17.052 loading class org/apache/maven/plugin/Mojo done
Event: 17.052 loading class org/apache/maven/plugin/Mojo
Event: 17.052 loading class org/apache/maven/plugin/Mojo done
Event: 17.053 loading class org/apache/maven/plugins/jar/TestJarMojo
Event: 17.053 loading class org/apache/maven/plugins/jar/TestJarMojo done
Event: 17.053 loading class org/apache/maven/plugins/jar/TestJarMojo
Event: 17.053 loading class org/apache/maven/plugins/jar/TestJarMojo done


Dynamic libraries:
0x00007ff7206d0000 - 0x00007ff720717000 	C:\Program Files\Java\jdk1.8.0_261\bin\java.exe
0x00007ffac6180000 - 0x00007ffac6387000 	C:\WINDOWS\SYSTEM32\ntdll.dll
0x00007ffac5f40000 - 0x00007ffac5ffd000 	C:\WINDOWS\System32\KERNEL32.DLL
0x00007ffac3830000 - 0x00007ffac3ba4000 	C:\WINDOWS\System32\KERNELBASE.dll
0x00007ffac4360000 - 0x00007ffac440e000 	C:\WINDOWS\System32\ADVAPI32.dll
0x00007ffac5e30000 - 0x00007ffac5ed3000 	C:\WINDOWS\System32\msvcrt.dll
0x00007ffac51e0000 - 0x00007ffac527e000 	C:\WINDOWS\System32\sechost.dll
0x00007ffac4a90000 - 0x00007ffac4bb0000 	C:\WINDOWS\System32\RPCRT4.dll
0x00007ffac4440000 - 0x00007ffac45ec000 	C:\WINDOWS\System32\USER32.dll
0x00007ffac3e10000 - 0x00007ffac3e36000 	C:\WINDOWS\System32\win32u.dll
0x00007ffac4680000 - 0x00007ffac46a9000 	C:\WINDOWS\System32\GDI32.dll
0x00007ffac3cf0000 - 0x00007ffac3e02000 	C:\WINDOWS\System32\gdi32full.dll
0x00007ffac3790000 - 0x00007ffac382d000 	C:\WINDOWS\System32\msvcp_win.dll
0x00007ffac3670000 - 0x00007ffac3781000 	C:\WINDOWS\System32\ucrtbase.dll
0x00007ffaac890000 - 0x00007ffaacb35000 	C:\WINDOWS\WinSxS\amd64_microsoft.windows.common-controls_6595b64144ccf1df_6.0.22000.120_none_9d947278b86cc467\COMCTL32.dll
0x00007ffac42b0000 - 0x00007ffac42e1000 	C:\WINDOWS\System32\IMM32.DLL
0x00007ffab9580000 - 0x00007ffab9595000 	C:\Program Files\Java\jdk1.8.0_261\jre\bin\vcruntime140.dll
0x00007ffa9fba0000 - 0x00007ffa9fc3b000 	C:\Program Files\Java\jdk1.8.0_261\jre\bin\msvcp140.dll
0x00000000652b0000 - 0x0000000065b1c000 	C:\Program Files\Java\jdk1.8.0_261\jre\bin\server\jvm.dll
0x00007ffac41a0000 - 0x00007ffac41a8000 	C:\WINDOWS\System32\PSAPI.DLL
0x00007ffab15e0000 - 0x00007ffab15e9000 	C:\WINDOWS\SYSTEM32\WSOCK32.dll
0x00007ffac42f0000 - 0x00007ffac435f000 	C:\WINDOWS\System32\WS2_32.dll
0x00007ffaba150000 - 0x00007ffaba15a000 	C:\WINDOWS\SYSTEM32\VERSION.dll
0x00007ffabca00000 - 0x00007ffabca33000 	C:\WINDOWS\SYSTEM32\WINMM.dll
0x00007ffac2860000 - 0x00007ffac2878000 	C:\WINDOWS\SYSTEM32\kernel.appcore.dll
0x00007ffab9540000 - 0x00007ffab9550000 	C:\Program Files\Java\jdk1.8.0_261\jre\bin\verify.dll
0x00007ffaa2400000 - 0x00007ffaa242b000 	C:\Program Files\Java\jdk1.8.0_261\jre\bin\java.dll
0x00007ffaa2240000 - 0x00007ffaa2258000 	C:\Program Files\Java\jdk1.8.0_261\jre\bin\zip.dll
0x00007ffac5680000 - 0x00007ffac5e2e000 	C:\WINDOWS\System32\SHELL32.dll
0x00007ffac17b0000 - 0x00007ffac2017000 	C:\WINDOWS\SYSTEM32\windows.storage.dll
0x00007ffac5300000 - 0x00007ffac5678000 	C:\WINDOWS\System32\combase.dll
0x00007ffac1640000 - 0x00007ffac17a6000 	C:\WINDOWS\SYSTEM32\wintypes.dll
0x00007ffac41b0000 - 0x00007ffac429a000 	C:\WINDOWS\System32\SHCORE.dll
0x00007ffac5280000 - 0x00007ffac52dd000 	C:\WINDOWS\System32\shlwapi.dll
0x00007ffac35a0000 - 0x00007ffac35c1000 	C:\WINDOWS\SYSTEM32\profapi.dll
0x00007ffa96870000 - 0x00007ffa9688c000 	C:\Program Files\Java\jdk1.8.0_261\jre\bin\net.dll
0x00007ffac2c90000 - 0x00007ffac2cf7000 	C:\WINDOWS\system32\mswsock.dll
0x00007ffa8e280000 - 0x00007ffa8e293000 	C:\Program Files\Java\jdk1.8.0_261\jre\bin\nio.dll
0x00007ffa8afc0000 - 0x00007ffa8b154000 	C:\Program Files\Java\jdk1.8.0_261\jre\bin\awt.dll
0x00007ffac6000000 - 0x00007ffac60d6000 	C:\WINDOWS\System32\OLEAUT32.dll
0x00007ffabc3a0000 - 0x00007ffabc431000 	C:\WINDOWS\SYSTEM32\apphelp.dll
0x0000000069ac0000 - 0x0000000069ae4000 	C:\Users\nagar\AppData\Local\Temp\jansi-2.4.0-503a8a6bb392e8f5-jansi.dll
0x00007ffa8d940000 - 0x00007ffa8d94d000 	C:\Program Files\Java\jdk1.8.0_261\jre\bin\management.dll
0x00007ffaae440000 - 0x00007ffaae457000 	C:\WINDOWS\system32\napinsp.dll
0x00007ffaa6490000 - 0x00007ffaa64ab000 	C:\WINDOWS\system32\pnrpnsp.dll
0x00007ffac2450000 - 0x00007ffac2537000 	C:\WINDOWS\SYSTEM32\DNSAPI.dll
0x00007ffac23e0000 - 0x00007ffac240d000 	C:\WINDOWS\SYSTEM32\IPHLPAPI.DLL
0x00007ffac4670000 - 0x00007ffac4679000 	C:\WINDOWS\System32\NSI.dll
0x00007ffaa6470000 - 0x00007ffaa6482000 	C:\WINDOWS\System32\winrnr.dll
0x00007ffaa62c0000 - 0x00007ffaa62d5000 	C:\WINDOWS\system32\wshbth.dll
0x00007ffaa6260000 - 0x00007ffaa627f000 	C:\WINDOWS\system32\nlansp_c.dll
0x0000000065cc0000 - 0x0000000065ce6000 	C:\Program Files\Bonjour\mdnsNSP.dll
0x00007ffab69c0000 - 0x00007ffab69ca000 	C:\Windows\System32\rasadhlp.dll
0x00007ffab9d00000 - 0x00007ffab9d81000 	C:\WINDOWS\System32\fwpuclnt.dll
0x00007ffac2ed0000 - 0x00007ffac2ee8000 	C:\WINDOWS\SYSTEM32\CRYPTSP.dll
0x00007ffac27c0000 - 0x00007ffac27f5000 	C:\WINDOWS\system32\rsaenh.dll
0x00007ffac2d80000 - 0x00007ffac2da9000 	C:\WINDOWS\SYSTEM32\USERENV.dll
0x00007ffac3050000 - 0x00007ffac3077000 	C:\WINDOWS\SYSTEM32\bcrypt.dll
0x00007ffac3bb0000 - 0x00007ffac3c2f000 	C:\WINDOWS\System32\bcryptprimitives.dll
0x00007ffac2ef0000 - 0x00007ffac2efc000 	C:\WINDOWS\SYSTEM32\CRYPTBASE.dll
0x00007ffaba790000 - 0x00007ffaba7a9000 	C:\WINDOWS\SYSTEM32\dhcpcsvc6.DLL
0x00007ffaba9e0000 - 0x00007ffaba9fe000 	C:\WINDOWS\SYSTEM32\dhcpcsvc.DLL
0x00007ffabda80000 - 0x00007ffabdca1000 	C:\WINDOWS\SYSTEM32\dbghelp.dll

VM Arguments:
java_command: jenkins.maven3.agent.Maven35Main D:\Selenium_4.1\ApacheMaven\apache-maven-3.8.4\ C:\Users\nagar\.jenkins\war\WEB-INF\lib\remoting-4.3.jar C:\Users\nagar\.jenkins\plugins\maven-plugin\WEB-INF\lib\maven35-interceptor-1.13.jar C:\Users\nagar\.jenkins\plugins\maven-plugin\WEB-INF\lib\maven3-interceptor-commons-1.13.jar 63709
java_class_path (initial): C:\Users\nagar\.jenkins\plugins\maven-plugin\WEB-INF\lib\maven35-agent-1.13.jar;D:\Selenium_4.1\ApacheMaven\apache-maven-3.8.4\boot\plexus-classworlds-2.6.0.jar;D:\Selenium_4.1\ApacheMaven\apache-maven-3.8.4/conf/logging
Launcher Type: SUN_STANDARD

Environment Variables:
JAVA_HOME=C:\Program Files\Java\jdk1.8.0_261/
PATH=D:\Selenium_4.1\ApacheMaven\apache-maven-3.8.4\/bin;C:\Program Files\Java\jdk1.8.0_261//bin;C:\Program Files\Java\jdk1.8.0_261//bin;C:\Windows\system32;C:\Windows;C:\Windows\System32\Wbem;C:\Windows\System32\WindowsPowerShell\v1.0\;C:\Windows\System32\OpenSSH\;C:\Program Files (x86)\NVIDIA Corporation\PhysX\Common;C:\Program Files\NVIDIA Corporation\NVIDIA NvDLISR;C:\Program Files\Git\cmd;C:\Users\nagar\AppData\Local\Programs\Python\Python39\Scripts;D:\selenium_jarFiles\allure-2.14.0\bin;C:\Users\nagar\AppData\Roaming\Microsoft\Windows\Start Menu\Programs\Python 3.9;C:\gradle-5.6.2\bin;C:\Users\nagar\AppData\Local\Programs\Python\Python39;C:\Users\nagar\AppData\Local\Programs\Python\Python39\Lib;C:\Program Files\Java\jdk1.8.0_261\bin;C:\WINDOWS\system32;C:\WINDOWS;C:\WINDOWS\System32\Wbem;C:\WINDOWS\System32\WindowsPowerShell\v1.0\;C:\WINDOWS\System32\OpenSSH\;C:\Program Files\Java\jdk-14.0.2\bin;D:\Selenium_4.1\ApacheMaven\apache-maven-3.8.4\bin;C:\Users\nagar\AppData\Local\Programs\Python\Launcher\;C:\Program Files\MySQL\MySQL Shell 8.0\bin\;C:\Users\nagar\AppData\Local\Microsoft\WindowsApps;"C:\Users\nagar\AppData\Local\Programs\Python\Python39;C:\Users\nagar\AppData\Local\Programs\Python\Python39\Scripts";
USERNAME=nagar
OS=Windows_NT
PROCESSOR_IDENTIFIER=Intel64 Family 6 Model 142 Stepping 12, GenuineIntel



---------------  S Y S T E M  ---------------

OS: Windows 10.0 , 64 bit Build 22000 (10.0.22000.434)

CPU:total 8 (initial active 8) (4 cores per cpu, 2 threads per core) family 6 model 142 stepping 12, cmov, cx8, fxsr, mmx, sse, sse2, sse3, ssse3, sse4.1, sse4.2, popcnt, avx, avx2, aes, clmul, erms, 3dnowpref, lzcnt, ht, tsc, tscinvbit, bmi1, bmi2, adx

Memory: 4k page, physical 8212980k(307336k free), swap 33378804k(7576k free)

vm_info: Java HotSpot(TM) 64-Bit Server VM (25.261-b12) for windows-amd64 JRE (1.8.0_261-b12), built on Jun 18 2020 06:56:32 by "" with unknown MS VC++:1916

time: Thu Feb 17 08:59:46 2022
timezone: India Standard Time
elapsed time: 17 seconds (0d 0h 0m 17s)

